  adler32.c
  compress.c
  crc32.c
  deflate.c
  gzclose.c
  gzlib.c
  gzread.c
  gzwrite.c
  infback.c
  inffast.c
  inflate.c
  inftrees.c
  ioapi.c
  iowin32.c
  trees.c
  uncompr.c
  unzip.c
  zip.c
  zutil.c
  Gerando Código...
     Criando biblioteca x86\ZlibDllDebug\zlibwapi.lib e objeto x86\ZlibDllDebug\zlibwapi.exp
  zlibvc.vcxproj -> C:\Users\Pichau\Documents\Boldergarte\Softwares\LIBRARIES\downloads\zlib\zlib-develop\zlib-develop\contrib\vstudio\vc17\x86\ZlibDllDebug\zlibwapi.dll
